d:\word\study\backup_windows\backup_windows\backup_windows\debug\backup_windows.pch
d:\word\study\backup_windows\backup_windows\backup_windows\debug\vc142.pdb
d:\word\study\backup_windows\backup_windows\backup_windows\debug\vc142.idb
d:\word\study\backup_windows\backup_windows\backup_windows\debug\stdafx.obj
d:\word\study\backup_windows\backup_windows\backup_windows\debug\restoreprogress.obj
d:\word\study\backup_windows\backup_windows\backup_windows\debug\restorepage3.obj
d:\word\study\backup_windows\backup_windows\backup_windows\debug\restorepage2.obj
d:\word\study\backup_windows\backup_windows\backup_windows\debug\restorepage1.obj
d:\word\study\backup_windows\backup_windows\backup_windows\debug\restore.obj
d:\word\study\backup_windows\backup_windows\backup_windows\debug\initpartitioninfo.obj
d:\word\study\backup_windows\backup_windows\backup_windows\debug\expand.obj
d:\word\study\backup_windows\backup_windows\backup_windows\debug\docheck.obj
d:\word\study\backup_windows\backup_windows\backup_windows\debug\diskreadwrite.obj
d:\word\study\backup_windows\backup_windows\backup_windows\debug\compress.obj
d:\word\study\backup_windows\backup_windows\backup_windows\debug\checkprogress.obj
d:\word\study\backup_windows\backup_windows\backup_windows\debug\backup_windowsdlg.obj
d:\word\study\backup_windows\backup_windows\backup_windows\debug\backup_windows.obj
d:\word\study\backup_windows\backup_windows\backup_windows\debug\backupsheet.obj
d:\word\study\backup_windows\backup_windows\backup_windows\debug\backupset.obj
d:\word\study\backup_windows\backup_windows\backup_windows\debug\backupprogress.obj
d:\word\study\backup_windows\backup_windows\backup_windows\debug\backuppage3.obj
d:\word\study\backup_windows\backup_windows\backup_windows\debug\backuppage2.obj
d:\word\study\backup_windows\backup_windows\backup_windows\debug\backuppage1.obj
d:\word\study\backup_windows\backup_windows\backup_windows\debug\backup.obj
d:\word\study\backup_windows\backup_windows\backup_windows\debug\restoresheet.obj
d:\word\study\backup_windows\backup_windows\debug\backup_windows.ilk
d:\word\study\backup_windows\backup_windows\debug\backup_windows.exe
d:\word\study\backup_windows\backup_windows\debug\backup_windows.pdb
d:\word\study\backup_windows\backup_windows\backup_windows\debug\backup_windows.res
d:\word\study\backup_windows\backup_windows\backup_windows\debug\backup_windows.tlog\cl.command.1.tlog
d:\word\study\backup_windows\backup_windows\backup_windows\debug\backup_windows.tlog\cl.read.1.tlog
d:\word\study\backup_windows\backup_windows\backup_windows\debug\backup_windows.tlog\cl.write.1.tlog
d:\word\study\backup_windows\backup_windows\backup_windows\debug\backup_windows.tlog\link.command.1.tlog
d:\word\study\backup_windows\backup_windows\backup_windows\debug\backup_windows.tlog\link.read.1.tlog
d:\word\study\backup_windows\backup_windows\backup_windows\debug\backup_windows.tlog\link.write.1.tlog
d:\word\study\backup_windows\backup_windows\backup_windows\debug\backup_windows.tlog\rc.command.1.tlog
d:\word\study\backup_windows\backup_windows\backup_windows\debug\backup_windows.tlog\rc.read.1.tlog
d:\word\study\backup_windows\backup_windows\backup_windows\debug\backup_windows.tlog\rc.write.1.tlog
